Unable to capture context for thread 6800 in process 9536, can not generate back trace
Unable to capture context for thread 6840 in process 9536, can not generate back trace
Exception at PC 0x000007FEC0F2BB93
Printing stacktrace...

Unable to capture context for thread 8996 in process 9536, can not generate back trace
Exception at PC 0x000007FEFCF8A06D
Exception at PC 0x000007FEFCF8A06D
Exception at PC 0x000007FEFCF8A06D
Exception at PC 0x000007FEFCF8A06D
Exception at PC 0x000007FEFCF8A06D
Exception at PC 0x000007FEFCF8A06D
Exception at PC 0x000007FEFCF8A06D
Exception at PC 0x000007FEFCF8A06D
Exception at PC 0x000007FEFCF8A06D
Exception at PC 0x000007FEFCF8A06D
Exception at PC 0x000007FEFCF8A06D
Exception at PC 0x000007FEFCF8A06D
Exception at PC 0x000007FEFCF8A06D
Exception at PC 0x000007FEFCF8A06D
Exception at PC 0x000007FEFCF8A06D
Exception at PC 0x000007FEFCF8A06D
Exception at PC 0x000007FEFCF8A06D
Exception at PC 0x000007FEFCF8A06D
[0]  [0x000007FEC0F2BB93]
[1]  [0x000007FEC0F2BB93]
[2]  [0x000007FEC0F2B4A1]
[3]  [0x000007FEC0F2B3EF]
[4]  [0x000007FEC0F119FE]
[5]  [0x000007FEC0F10ED1]
[6]  [0x000007FEC0F10D76]
[7]  [0x000007FEC0EB79F6]
[8]  [0x000007FEC0EA7AFB]
[9]  [0x000007FEC0FCE90A]
[10]  [0x000007FEC0FE9F87]
[11]  [0x000007FEC0FEA05F]
[12] (BaseThreadInitThunk+0xd) [0x00000000770559CD]
[13] (RtlUserThreadStart+0x21) [0x000000007718A2E1]
Done
