Unable to capture context for thread 5400 in process 9040, can not generate back trace
Unable to capture context for thread 10628 in process 9040, can not generate back trace
Exception at PC 0x000007FEBDFFBB93
Printing stacktrace...

Unable to capture context for thread 5400 in process 9040, can not generate back trace
Unable to capture context for thread 14968 in process 9040, can not generate back trace
Exception at PC 0x000007FEFCC6A06D
Exception at PC 0x000007FEFCC6A06D
Exception at PC 0x000007FEFCC6A06D
Exception at PC 0x000007FEFCC6A06D
Exception at PC 0x000007FEFCC6A06D
Exception at PC 0x000007FEFCC6A06D
Exception at PC 0x000007FEFCC6A06D
Exception at PC 0x000007FEFCC6A06D
Exception at PC 0x000007FEFCC6A06D
Exception at PC 0x000007FEFCC6A06D
Exception at PC 0x000007FEFCC6A06D
Exception at PC 0x000007FEFCC6A06D
Exception at PC 0x000007FEFCC6A06D
Exception at PC 0x000007FEFCC6A06D
Exception at PC 0x000007FEFCC6A06D
Exception at PC 0x000007FEFCC6A06D
Exception at PC 0x000007FEFCC6A06D
Exception at PC 0x000007FEFCC6A06D
[0]  [0x000007FEBDFFBB93]
[1]  [0x000007FEBDFFBB93]
[2]  [0x000007FEBDFFB4A1]
[3]  [0x000007FEBDFFB3EF]
[4]  [0x000007FEBDFE19FE]
[5]  [0x000007FEBDFE0ED1]
[6]  [0x000007FEBDFE0D76]
[7]  [0x000007FEBDF879F6]
[8]  [0x000007FEBDF77AFB]
[9]  [0x000007FEBE09E90A]
[10]  [0x000007FEBE0B9F87]
[11]  [0x000007FEBE0BA05F]
[12] (BaseThreadInitThunk+0xd) [0x0000000076DE59CD]
[13] (RtlUserThreadStart+0x21) [0x0000000076F1A2E1]
Done
